#-----------------------------------------------------------
# Vivado v2018.3 (64-bit)
# SW Build 2405991 on Thu Dec  6 23:38:27 MST 2018
# IP Build 2404404 on Fri Dec  7 01:43:56 MST 2018
# Start of session at: Sun Aug  9 18:34:34 2020
# Process ID: 12572
# Current directory: D:/AES_Encryption_FINAL
# Command line: vivado.exe -gui_launcher_event rodinguilauncherevent1844 D:\AES_Encryption_FINAL\AES_Encryption_FINAL.xpr
# Log file: D:/AES_Encryption_FINAL/vivado.log
# Journal file: D:/AES_Encryption_FINAL\vivado.jou
#-----------------------------------------------------------
start_gui
open_project D:/AES_Encryption_FINAL/AES_Encryption_FINAL.xpr
Scanning sources...
Finished scanning sources
INFO: [IP_Flow 19-234] Refreshing IP repositories
INFO: [IP_Flow 19-1704] No user IP repositories specified
INFO: [IP_Flow 19-2313] Loaded Vivado IP repository 'F:/Xilinx/Vivado/2018.3/data/ip'.
open_project: Time (s): cpu = 00:00:25 ; elapsed = 00:00:09 . Memory (MB): peak = 687.609 ; gain = 60.480
exit
INFO: [Common 17-206] Exiting Vivado at Sun Aug  9 18:36:52 2020...
